<?xml version="1.0" encoding="UTF-8"?>
<!-- Generated by org.testng.reporters.JUnitXMLReporter -->
<testsuite hostname="STUDENT11" ignored="0" name="ChromeTest" tests="1" failures="0" timestamp="30 Nov 2017 10:52:01 GMT" time="1.013" errors="0">
  <testcase name="@BeforeTest setUp" time="0.992" classname="OwenC.AutomatedTestingWeek.TestNGTesting">
    <failure type="org.openqa.selenium.SessionNotCreatedException" message="Unable to find a matching set of capabilities
Build info: version: &amp;apos;3.7.1&amp;apos;, revision: &amp;apos;8a0099a&amp;apos;, time: &amp;apos;2017-11-06T21:01:39.354Z&amp;apos;
System info: host: &amp;apos;STUDENT11&amp;apos;, ip: &amp;apos;192.168.1.111&amp;apos;, os.name: &amp;apos;Windows 10&amp;apos;, os.arch: &amp;apos;amd64&amp;apos;, os.version: &amp;apos;10.0&amp;apos;, java.version: &amp;apos;1.8.0_144&amp;apos;
Driver info: driver.version: FirefoxDriver
remote stacktrace: stack backtrace:
   0:   0x46c297 - &amp;lt;no info&amp;gt;
   1:   0x4388b6 - &amp;lt;no info&amp;gt;
   2:   0x4225f2 - &amp;lt;no info&amp;gt;
   3:   0x406389 - &amp;lt;no info&amp;gt;
   4:   0x40cc97 - &amp;lt;no info&amp;gt;
   5:   0x657a89 - &amp;lt;no info&amp;gt;
   6:   0x4185b6 - &amp;lt;no info&amp;gt;
   7:   0x6535a1 - &amp;lt;no info&amp;gt;
   8: 0x74a73744 - BaseThreadInitThunk
   9: 0x77709e54 - RtlSetCurrentTransaction">
      <![CDATA[org.openqa.selenium.SessionNotCreatedException: Unable to find a matching set of capabilitiesBuild info: version: '3.7.1', revision: '8a0099a', time: '2017-11-06T21:01:39.354Z'System info: host: 'STUDENT11', ip: '192.168.1.111', os.name: 'Windows 10', os.arch: 'amd64', os.version: '10.0', java.version: '1.8.0_144'Driver info: driver.version: FirefoxDriverremote stacktrace: stack backtrace:   0:   0x46c297 - <no info>   1:   0x4388b6 - <no info>   2:   0x4225f2 - <no info>   3:   0x406389 - <no info>   4:   0x40cc97 - <no info>   5:   0x657a89 - <no info>   6:   0x4185b6 - <no info>   7:   0x6535a1 - <no info>   8: 0x74a73744 - BaseThreadInitThunk   9: 0x77709e54 - RtlSetCurrentTransactionat org.openqa.selenium.remote.W3CHandshakeResponse.lambda$new$0(W3CHandshakeResponse.java:57)at org.openqa.selenium.remote.W3CHandshakeResponse.lambda$getResponseFunction$2(W3CHandshakeResponse.java:104)at org.openqa.selenium.remote.ProtocolHandshake.lambda$createSession$0(ProtocolHandshake.java:123)at java.util.stream.ReferencePipeline$3$1.accept(Unknown Source)at java.util.Spliterators$ArraySpliterator.tryAdvance(Unknown Source)at java.util.stream.ReferencePipeline.forEachWithCancel(Unknown Source)at java.util.stream.AbstractPipeline.copyIntoWithCancel(Unknown Source)at java.util.stream.AbstractPipeline.copyInto(Unknown Source)at java.util.stream.AbstractPipeline.wrapAndCopyInto(Unknown Source)at java.util.stream.FindOps$FindOp.evaluateSequential(Unknown Source)at java.util.stream.AbstractPipeline.evaluate(Unknown Source)at java.util.stream.ReferencePipeline.findFirst(Unknown Source)at org.openqa.selenium.remote.ProtocolHandshake.createSession(ProtocolHandshake.java:126)at org.openqa.selenium.remote.ProtocolHandshake.createSession(ProtocolHandshake.java:73)at org.openqa.selenium.remote.HttpCommandExecutor.execute(HttpCommandExecutor.java:142)at org.openqa.selenium.remote.service.DriverCommandExecutor.execute(DriverCommandExecutor.java:83)at org.openqa.selenium.remote.RemoteWebDriver.execute(RemoteWebDriver.java:600)at org.openqa.selenium.remote.RemoteWebDriver.startSession(RemoteWebDriver.java:219)at org.openqa.selenium.remote.RemoteWebDriver.<init>(RemoteWebDriver.java:142)at org.openqa.selenium.firefox.FirefoxDriver.<init>(FirefoxDriver.java:120)at org.openqa.selenium.firefox.FirefoxDriver.<init>(FirefoxDriver.java:98)at OwenC.AutomatedTestingWeek.TestNGTesting.setUp(TestNGTesting.java:29)... Removed 28 stack frames]]>
    </failure>
  </testcase> <!-- @BeforeTest setUp -->
  <testcase name="@AfterTest tearDown" time="0.0" classname="OwenC.AutomatedTestingWeek.TestNGTesting">
    <skipped/>
  </testcase> <!-- @AfterTest tearDown -->
  <testcase name="test" time="0.0" classname="OwenC.AutomatedTestingWeek.TestNGTesting">
    <skipped/>
  </testcase> <!-- test -->
</testsuite> <!-- ChromeTest -->
